mode: set
student-placement-api/service/company/service.go:16.39,18.2 1 1
student-placement-api/service/company/service.go:21.104,22.26 1 1
student-placement-api/service/company/service.go:23.48,24.44 1 1
student-placement-api/service/company/service.go:25.10,26.70 1 1
student-placement-api/service/company/service.go:31.90,33.2 1 1
student-placement-api/service/company/service.go:36.104,38.16 2 1
student-placement-api/service/company/service.go:41.2,41.26 1 1
student-placement-api/service/company/service.go:38.16,40.3 1 1
student-placement-api/service/company/service.go:42.48,43.44 1 1
student-placement-api/service/company/service.go:44.10,45.70 1 1
student-placement-api/service/company/service.go:50.69,52.16 2 1
student-placement-api/service/company/service.go:55.2,55.38 1 1
student-placement-api/service/company/service.go:52.16,54.3 1 1
student-placement-api/service/student/service.go:19.39,21.2 1 1
student-placement-api/service/student/service.go:24.104,25.27 1 1
student-placement-api/service/student/service.go:29.2,29.66 1 1
student-placement-api/service/student/service.go:35.2,35.56 1 1
student-placement-api/service/student/service.go:39.2,39.43 1 1
student-placement-api/service/student/service.go:43.2,43.100 1 1
student-placement-api/service/student/service.go:47.2,48.55 1 1
student-placement-api/service/student/service.go:52.2,53.16 2 1
student-placement-api/service/student/service.go:57.2,57.93 1 1
student-placement-api/service/student/service.go:61.2,62.55 1 1
student-placement-api/service/student/service.go:66.2,66.92 1 1
student-placement-api/service/student/service.go:70.2,70.43 1 1
student-placement-api/service/student/service.go:25.27,27.3 1 1
student-placement-api/service/student/service.go:29.66,31.3 1 1
student-placement-api/service/student/service.go:31.8,31.33 1 1
student-placement-api/service/student/service.go:31.33,33.3 1 1
student-placement-api/service/student/service.go:35.56,37.3 1 1
student-placement-api/service/student/service.go:39.43,41.3 1 1
student-placement-api/service/student/service.go:43.100,45.3 1 1
student-placement-api/service/student/service.go:48.55,50.3 1 1
student-placement-api/service/student/service.go:53.16,55.3 1 1
student-placement-api/service/student/service.go:57.93,59.3 1 1
student-placement-api/service/student/service.go:62.55,64.3 1 0
student-placement-api/service/student/service.go:66.92,68.3 1 1
student-placement-api/service/student/service.go:74.126,76.2 1 1
student-placement-api/service/student/service.go:79.90,81.2 1 1
student-placement-api/service/student/service.go:84.104,86.16 2 1
student-placement-api/service/student/service.go:90.2,90.27 1 1
student-placement-api/service/student/service.go:94.2,94.66 1 1
student-placement-api/service/student/service.go:100.2,100.56 1 1
student-placement-api/service/student/service.go:104.2,104.43 1 1
student-placement-api/service/student/service.go:108.2,108.100 1 1
student-placement-api/service/student/service.go:112.2,113.55 1 1
student-placement-api/service/student/service.go:117.2,118.16 2 1
student-placement-api/service/student/service.go:122.2,122.93 1 1
student-placement-api/service/student/service.go:126.2,127.55 1 1
student-placement-api/service/student/service.go:131.2,131.92 1 1
student-placement-api/service/student/service.go:135.2,135.43 1 1
student-placement-api/service/student/service.go:86.16,88.3 1 1
student-placement-api/service/student/service.go:90.27,92.3 1 1
student-placement-api/service/student/service.go:94.66,96.3 1 1
student-placement-api/service/student/service.go:96.8,96.33 1 1
student-placement-api/service/student/service.go:96.33,98.3 1 1
student-placement-api/service/student/service.go:100.56,102.3 1 1
student-placement-api/service/student/service.go:104.43,106.3 1 1
student-placement-api/service/student/service.go:108.100,110.3 1 0
student-placement-api/service/student/service.go:113.55,115.3 1 1
student-placement-api/service/student/service.go:118.16,120.3 1 1
student-placement-api/service/student/service.go:122.93,124.3 1 1
student-placement-api/service/student/service.go:127.55,129.3 1 0
student-placement-api/service/student/service.go:131.92,133.3 1 1
student-placement-api/service/student/service.go:139.69,141.16 2 1
student-placement-api/service/student/service.go:144.2,144.38 1 1
student-placement-api/service/student/service.go:141.16,143.3 1 1
student-placement-api/service/student/service.go:147.56,152.16 4 1
student-placement-api/service/student/service.go:155.2,156.19 2 1
student-placement-api/service/student/service.go:159.2,159.19 1 1
student-placement-api/service/student/service.go:152.16,154.3 1 1
student-placement-api/service/student/service.go:156.19,158.3 1 1
student-placement-api/service/student/service.go:162.39,163.29 1 1
student-placement-api/service/student/service.go:168.2,168.13 1 1
student-placement-api/service/student/service.go:163.29,164.30 1 1
student-placement-api/service/student/service.go:164.30,166.4 1 1
student-placement-api/store/student/store.go:16.28,18.2 1 1
student-placement-api/store/student/store.go:21.100,26.16 4 1
student-placement-api/store/student/store.go:29.2,29.21 1 1
student-placement-api/store/student/store.go:26.16,28.3 1 1
student-placement-api/store/student/store.go:33.86,40.32 4 1
student-placement-api/store/student/store.go:49.2,49.21 1 1
student-placement-api/store/student/store.go:40.32,41.14 1 1
student-placement-api/store/student/store.go:42.24,43.48 1 1
student-placement-api/store/student/store.go:44.22,45.71 1 1
student-placement-api/store/student/store.go:53.122,56.28 2 1
student-placement-api/store/student/store.go:99.2,99.24 1 1
student-placement-api/store/student/store.go:103.2,103.22 1 1
student-placement-api/store/student/store.go:56.28,63.17 3 1
student-placement-api/store/student/store.go:72.3,72.19 1 1
student-placement-api/store/student/store.go:63.17,64.15 1 0
student-placement-api/store/student/store.go:65.25,66.51 1 0
student-placement-api/store/student/store.go:67.23,68.74 1 0
student-placement-api/store/student/store.go:72.19,77.4 3 1
student-placement-api/store/student/store.go:78.8,82.17 3 1
student-placement-api/store/student/store.go:91.3,91.19 1 1
student-placement-api/store/student/store.go:82.17,83.15 1 1
student-placement-api/store/student/store.go:84.25,85.51 1 1
student-placement-api/store/student/store.go:86.23,87.74 1 1
student-placement-api/store/student/store.go:91.19,96.4 3 1
student-placement-api/store/student/store.go:99.24,101.3 1 0
student-placement-api/store/student/store.go:107.100,112.16 3 1
student-placement-api/store/student/store.go:115.2,115.21 1 1
student-placement-api/store/student/store.go:112.16,114.3 1 1
student-placement-api/store/student/store.go:119.65,122.16 3 1
student-placement-api/store/student/store.go:125.2,125.12 1 1
student-placement-api/store/student/store.go:122.16,124.3 1 1
student-placement-api/store/student/store.go:129.89,136.16 5 1
student-placement-api/store/student/store.go:145.2,145.21 1 1
student-placement-api/store/student/store.go:136.16,137.14 1 1
student-placement-api/store/student/store.go:138.24,139.48 1 1
student-placement-api/store/student/store.go:140.22,141.71 1 1
student-placement-api/middlewares/middlewares.go:5.60,6.73 1 1
student-placement-api/middlewares/middlewares.go:6.73,8.71 1 1
student-placement-api/middlewares/middlewares.go:14.3,14.59 1 1
student-placement-api/middlewares/middlewares.go:19.3,19.36 1 1
student-placement-api/middlewares/middlewares.go:8.71,12.4 3 1
student-placement-api/middlewares/middlewares.go:14.59,18.4 3 1
student-placement-api/store/company/store.go:17.28,19.2 1 1
student-placement-api/store/company/store.go:22.100,27.16 4 1
student-placement-api/store/company/store.go:31.2,31.21 1 1
student-placement-api/store/company/store.go:27.16,29.3 1 1
student-placement-api/store/company/store.go:35.86,41.16 5 1
student-placement-api/store/company/store.go:50.2,50.21 1 1
student-placement-api/store/company/store.go:41.16,42.14 1 1
student-placement-api/store/company/store.go:43.24,44.48 1 1
student-placement-api/store/company/store.go:45.22,46.63 1 1
student-placement-api/store/company/store.go:54.100,58.16 3 1
student-placement-api/store/company/store.go:62.2,62.21 1 1
student-placement-api/store/company/store.go:58.16,60.3 1 1
student-placement-api/store/company/store.go:66.65,69.16 3 1
student-placement-api/store/company/store.go:72.2,72.12 1 1
student-placement-api/store/company/store.go:69.16,71.3 1 1
student-placement-api/delivery/http/company/http.go:18.43,20.2 1 1
student-placement-api/delivery/http/company/http.go:23.74,25.20 2 1
student-placement-api/delivery/http/company/http.go:26.22,27.22 1 1
student-placement-api/delivery/http/company/http.go:28.23,29.25 1 1
student-placement-api/delivery/http/company/http.go:30.22,31.25 1 1
student-placement-api/delivery/http/company/http.go:32.25,33.25 1 1
student-placement-api/delivery/http/company/http.go:34.10,37.31 3 1
student-placement-api/delivery/http/company/http.go:42.70,47.14 4 1
student-placement-api/delivery/http/company/http.go:54.2,55.16 2 1
student-placement-api/delivery/http/company/http.go:62.2,63.16 2 1
student-placement-api/delivery/http/company/http.go:69.2,70.19 2 1
student-placement-api/delivery/http/company/http.go:47.14,52.3 4 1
student-placement-api/delivery/http/company/http.go:55.16,60.3 4 1
student-placement-api/delivery/http/company/http.go:63.16,67.3 3 0
student-placement-api/delivery/http/company/http.go:74.73,78.16 3 1
student-placement-api/delivery/http/company/http.go:85.2,88.16 3 1
student-placement-api/delivery/http/company/http.go:95.2,95.50 1 1
student-placement-api/delivery/http/company/http.go:102.2,103.16 2 1
student-placement-api/delivery/http/company/http.go:112.2,113.16 2 1
student-placement-api/delivery/http/company/http.go:119.2,120.19 2 1
student-placement-api/delivery/http/company/http.go:78.16,83.3 4 0
student-placement-api/delivery/http/company/http.go:88.16,93.3 4 0
student-placement-api/delivery/http/company/http.go:95.50,100.3 4 1
student-placement-api/delivery/http/company/http.go:103.16,104.21 1 1
student-placement-api/delivery/http/company/http.go:108.3,109.9 2 1
student-placement-api/delivery/http/company/http.go:105.24,106.49 1 1
student-placement-api/delivery/http/company/http.go:113.16,117.3 3 0
student-placement-api/delivery/http/company/http.go:124.73,130.14 4 1
student-placement-api/delivery/http/company/http.go:137.2,138.16 2 1
student-placement-api/delivery/http/company/http.go:145.2,147.16 3 1
student-placement-api/delivery/http/company/http.go:154.2,154.50 1 1
student-placement-api/delivery/http/company/http.go:161.2,163.16 3 1
student-placement-api/delivery/http/company/http.go:174.2,175.16 2 1
student-placement-api/delivery/http/company/http.go:181.2,182.19 2 1
student-placement-api/delivery/http/company/http.go:130.14,135.3 4 1
student-placement-api/delivery/http/company/http.go:138.16,143.3 4 0
student-placement-api/delivery/http/company/http.go:147.16,152.3 4 0
student-placement-api/delivery/http/company/http.go:154.50,159.3 4 1
student-placement-api/delivery/http/company/http.go:163.16,164.21 1 1
student-placement-api/delivery/http/company/http.go:170.3,171.9 2 1
student-placement-api/delivery/http/company/http.go:165.24,166.49 1 1
student-placement-api/delivery/http/company/http.go:167.30,168.38 1 1
student-placement-api/delivery/http/company/http.go:175.16,179.3 3 0
student-placement-api/delivery/http/company/http.go:186.73,192.14 4 1
student-placement-api/delivery/http/company/http.go:199.2,200.16 2 1
student-placement-api/delivery/http/company/http.go:211.2,212.16 2 1
student-placement-api/delivery/http/company/http.go:218.2,219.19 2 1
student-placement-api/delivery/http/company/http.go:192.14,197.3 4 1
student-placement-api/delivery/http/company/http.go:200.16,201.21 1 1
student-placement-api/delivery/http/company/http.go:207.3,208.9 2 1
student-placement-api/delivery/http/company/http.go:202.24,203.49 1 1
student-placement-api/delivery/http/company/http.go:204.30,205.38 1 1
student-placement-api/delivery/http/company/http.go:212.16,216.3 3 0
student-placement-api/delivery/http/student/http.go:20.43,22.2 1 1
student-placement-api/delivery/http/student/http.go:25.74,27.20 2 1
student-placement-api/delivery/http/student/http.go:28.22,34.71 5 1
student-placement-api/delivery/http/student/http.go:41.3,41.15 1 1
student-placement-api/delivery/http/student/http.go:46.23,47.25 1 1
student-placement-api/delivery/http/student/http.go:48.22,49.25 1 1
student-placement-api/delivery/http/student/http.go:50.25,51.25 1 1
student-placement-api/delivery/http/student/http.go:52.10,55.31 3 1
student-placement-api/delivery/http/student/http.go:34.71,39.4 4 1
student-placement-api/delivery/http/student/http.go:41.15,43.4 1 1
student-placement-api/delivery/http/student/http.go:43.9,45.4 1 1
student-placement-api/delivery/http/student/http.go:60.73,64.16 3 1
student-placement-api/delivery/http/student/http.go:71.2,73.16 3 1
student-placement-api/delivery/http/student/http.go:79.2,80.52 1 1
student-placement-api/delivery/http/student/http.go:87.2,88.16 2 1
student-placement-api/delivery/http/student/http.go:97.2,98.16 2 1
student-placement-api/delivery/http/student/http.go:104.2,105.19 2 1
student-placement-api/delivery/http/student/http.go:64.16,69.3 4 0
student-placement-api/delivery/http/student/http.go:73.16,77.3 3 0
student-placement-api/delivery/http/student/http.go:80.52,85.3 4 1
student-placement-api/delivery/http/student/http.go:88.16,89.21 1 1
student-placement-api/delivery/http/student/http.go:93.3,94.9 2 1
student-placement-api/delivery/http/student/http.go:90.46,91.40 1 1
student-placement-api/delivery/http/student/http.go:98.16,102.3 3 0
student-placement-api/delivery/http/student/http.go:109.70,117.16 6 1
student-placement-api/delivery/http/student/http.go:124.2,125.16 2 1
student-placement-api/delivery/http/student/http.go:132.2,133.16 2 1
student-placement-api/delivery/http/student/http.go:139.2,140.19 2 1
student-placement-api/delivery/http/student/http.go:117.16,122.3 4 1
student-placement-api/delivery/http/student/http.go:125.16,130.3 4 1
student-placement-api/delivery/http/student/http.go:133.16,137.3 3 0
student-placement-api/delivery/http/student/http.go:144.74,150.16 4 1
student-placement-api/delivery/http/student/http.go:157.2,158.16 2 1
student-placement-api/delivery/http/student/http.go:164.2,165.19 2 1
student-placement-api/delivery/http/student/http.go:150.16,155.3 4 1
student-placement-api/delivery/http/student/http.go:158.16,162.3 3 0
student-placement-api/delivery/http/student/http.go:169.73,175.14 4 1
student-placement-api/delivery/http/student/http.go:182.2,183.16 2 1
student-placement-api/delivery/http/student/http.go:190.2,193.16 3 1
student-placement-api/delivery/http/student/http.go:200.2,201.52 1 1
student-placement-api/delivery/http/student/http.go:209.2,211.16 3 1
student-placement-api/delivery/http/student/http.go:223.2,224.16 2 1
student-placement-api/delivery/http/student/http.go:230.2,231.19 2 1
student-placement-api/delivery/http/student/http.go:175.14,180.3 4 1
student-placement-api/delivery/http/student/http.go:183.16,188.3 4 0
student-placement-api/delivery/http/student/http.go:193.16,198.3 4 0
student-placement-api/delivery/http/student/http.go:201.52,207.3 4 1
student-placement-api/delivery/http/student/http.go:211.16,212.21 1 1
student-placement-api/delivery/http/student/http.go:219.3,220.9 2 1
student-placement-api/delivery/http/student/http.go:213.46,214.40 1 1
student-placement-api/delivery/http/student/http.go:215.30,216.38 1 1
student-placement-api/delivery/http/student/http.go:224.16,228.3 3 0
student-placement-api/delivery/http/student/http.go:235.73,240.14 3 1
student-placement-api/delivery/http/student/http.go:247.2,249.16 2 1
student-placement-api/delivery/http/student/http.go:260.2,261.16 2 1
student-placement-api/delivery/http/student/http.go:267.2,268.19 2 1
student-placement-api/delivery/http/student/http.go:240.14,245.3 4 1
student-placement-api/delivery/http/student/http.go:249.16,250.21 1 1
student-placement-api/delivery/http/student/http.go:256.3,257.9 2 1
student-placement-api/delivery/http/student/http.go:251.46,252.40 1 0
student-placement-api/delivery/http/student/http.go:253.30,254.38 1 1
student-placement-api/delivery/http/student/http.go:261.16,265.3 3 0
